<?xml version="1.0" encoding="UTF-8"?>
<testng-results skipped="0" failed="0" ignored="0" total="1" passed="1">
  <reporter-output>
  </reporter-output>
  <suite name="All Test Suite" duration-ms="22571" started-at="2020-03-13T17:54:54Z" finished-at="2020-03-13T17:55:17Z">
    <groups>
    </groups>
    <test name="/Users/kelu/IdeaProjects/uiautomation" duration-ms="22571" started-at="2020-03-13T17:54:54Z" finished-at="2020-03-13T17:55:17Z">
      <class name="com.testcases.GoogleSearchHomePageTest">
        <test-method status="PASS" signature="setUp()[pri:0, instance:com.testcases.GoogleSearchHomePageTest@6debcae2]" name="setUp" is-config="true" duration-ms="13391" started-at="2020-03-13T17:54:54Z" finished-at="2020-03-13T17:55:07Z">
          <reporter-output>
          </reporter-output>
        </test-method> <!-- setUp -->
        <test-method status="PASS" signature="searchKeywordTest()[pri:0, instance:com.testcases.GoogleSearchHomePageTest@6debcae2]" name="searchKeywordTest" duration-ms="8649" started-at="2020-03-13T17:55:07Z" finished-at="2020-03-13T17:55:16Z">
          <reporter-output>
          </reporter-output>
        </test-method> <!-- searchKeywordTest -->
        <test-method status="PASS" signature="tearDown()[pri:0, instance:com.testcases.GoogleSearchHomePageTest@6debcae2]" name="tearDown" is-config="true" duration-ms="464" started-at="2020-03-13T17:55:16Z" finished-at="2020-03-13T17:55:17Z">
          <reporter-output>
          </reporter-output>
        </test-method> <!-- tearDown -->
      </class> <!-- com.testcases.GoogleSearchHomePageTest -->
    </test> <!-- /Users/kelu/IdeaProjects/uiautomation -->
  </suite> <!-- All Test Suite -->
</testng-results>
